
> enterprise-admin-backend@1.0.0 dev:memory
> node src/dev/startMemoryServer.js

Downloading MongoDB "7.0.24": 0% (0mb / 599.7mb)[0G
Downloading MongoDB "7.0.24": 0.3% (1.6mb / 599.7mb)[0G
Downloading MongoDB "7.0.24": 0.6% (3.4mb / 599.7mb)[0G
Downloading MongoDB "7.0.24": 0.9% (5.6mb / 599.7mb)[0G
Downloading MongoDB "7.0.24": 1.3% (8mb / 599.7mb)[0G
Downloading MongoDB "7.0.24": 1.7% (10.3mb / 599.7mb)[0G
Downloading MongoDB "7.0.24": 2.1% (12.4mb / 599.7mb)[0G
Downloading MongoDB "7.0.24": 2.5% (15mb / 599.7mb)[0G
Downloading MongoDB "7.0.24": 3.1% (18.3mb / 599.7mb)[0G
Downloading MongoDB "7.0.24": 3.5% (21.2mb / 599.7mb)[0G
Downloading MongoDB "7.0.24": 4% (24mb / 599.7mb)[0G
Downloading MongoDB "7.0.24": 4.5% (26.8mb / 599.7mb)[0G
Downloading MongoDB "7.0.24": 4.8% (29.1mb / 599.7mb)[0G
Downloading MongoDB "7.0.24": 5.4% (32.6mb / 599.7mb)[0G
Downloading MongoDB "7.0.24": 5.9% (35.3mb / 599.7mb)[0G
Downloading MongoDB "7.0.24": 6.4% (38.5mb / 599.7mb)[0G
Downloading MongoDB "7.0.24": 6.9% (41.5mb / 599.7mb)[0G
Downloading MongoDB "7.0.24": 7.3% (44.1mb / 599.7mb)[0G
Downloading MongoDB "7.0.24": 7.9% (47.6mb / 599.7mb)[0G
Downloading MongoDB "7.0.24": 8.5% (51mb / 599.7mb)[0G
Downloading MongoDB "7.0.24": 9.1% (54.3mb / 599.7mb)[0G
Downloading MongoDB "7.0.24": 9.8% (58.6mb / 599.7mb)[0G
Downloading MongoDB "7.0.24": 10.5% (62.8mb / 599.7mb)[0G
Downloading MongoDB "7.0.24": 10.9% (65.2mb / 599.7mb)[0G
Downloading MongoDB "7.0.24": 11.4% (68.4mb / 599.7mb)[0G
Downloading MongoDB "7.0.24": 12% (71.9mb / 599.7mb)[0G
Downloading MongoDB "7.0.24": 12.6% (75.3mb / 599.7mb)[0G
Downloading MongoDB "7.0.24": 12.9% (77.5mb / 599.7mb)[0G
Downloading MongoDB "7.0.24": 13.2% (79.3mb / 599.7mb)[0G
Downloading MongoDB "7.0.24": 13.7% (81.9mb / 599.7mb)[0G
Downloading MongoDB "7.0.24": 14.2% (85.2mb / 599.7mb)[0G
Downloading MongoDB "7.0.24": 14.8% (88.6mb / 599.7mb)[0G
Downloading MongoDB "7.0.24": 15.2% (91.3mb / 599.7mb)[0G
Downloading MongoDB "7.0.24": 15.6% (93.8mb / 599.7mb)[0G
Downloading MongoDB "7.0.24": 16.1% (96.3mb / 599.7mb)[0G
Downloading MongoDB "7.0.24": 16.4% (98.3mb / 599.7mb)[0G
Downloading MongoDB "7.0.24": 16.7% (100.3mb / 599.7mb)[0G
Downloading MongoDB "7.0.24": 17.1% (102.7mb / 599.7mb)[0G
Downloading MongoDB "7.0.24": 17.4% (104.3mb / 599.7mb)[0G
Downloading MongoDB "7.0.24": 17.9% (107.4mb / 599.7mb)[0G
Downloading MongoDB "7.0.24": 18.2% (109.1mb / 599.7mb)[0G
Downloading MongoDB "7.0.24": 18.4% (110.1mb / 599.7mb)[0G
Downloading MongoDB "7.0.24": 18.5% (111.2mb / 599.7mb)[0G
Downloading MongoDB "7.0.24": 18.8% (112.7mb / 599.7mb)[0G
Downloading MongoDB "7.0.24": 19% (113.9mb / 599.7mb)[0G
Downloading MongoDB "7.0.24": 19.1% (114.8mb / 599.7mb)[0G
Downloading MongoDB "7.0.24": 19.3% (115.6mb / 599.7mb)[0G
Downloading MongoDB "7.0.24": 19.4% (116.5mb / 599.7mb)[0G
Downloading MongoDB "7.0.24": 19.6% (117.3mb / 599.7mb)[0G
Downloading MongoDB "7.0.24": 19.7% (118.1mb / 599.7mb)[0G
Downloading MongoDB "7.0.24": 19.8% (119mb / 599.7mb)[0G
Downloading MongoDB "7.0.24": 20% (119.7mb / 599.7mb)[0G
Downloading MongoDB "7.0.24": 20.1% (120.3mb / 599.7mb)[0G
Downloading MongoDB "7.0.24": 20.2% (120.9mb / 599.7mb)[0G
Downloading MongoDB "7.0.24": 20.2% (121.4mb / 599.7mb)[0G
Downloading MongoDB "7.0.24": 20.3% (122mb / 599.7mb)[0G
Downloading MongoDB "7.0.24": 20.5% (122.8mb / 599.7mb)[0G
Downloading MongoDB "7.0.24": 20.6% (123.7mb / 599.7mb)[0G
Downloading MongoDB "7.0.24": 20.8% (124.6mb / 599.7mb)[0G
Downloading MongoDB "7.0.24": 20.9% (125.5mb / 599.7mb)[0G
Downloading MongoDB "7.0.24": 21.1% (126.5mb / 599.7mb)[0G
Downloading MongoDB "7.0.24": 21.2% (127.3mb / 599.7mb)[0G
Downloading MongoDB "7.0.24": 21.4% (128.2mb / 599.7mb)[0G
Downloading MongoDB "7.0.24": 21.5% (129.1mb / 599.7mb)[0G
Downloading MongoDB "7.0.24": 21.7% (130.3mb / 599.7mb)[0G
Downloading MongoDB "7.0.24": 21.9% (131.2mb / 599.7mb)[0G
Downloading MongoDB "7.0.24": 22% (132.2mb / 599.7mb)[0G
Downloading MongoDB "7.0.24": 22.2% (133mb / 599.7mb)[0G
Downloading MongoDB "7.0.24": 22.3% (133.9mb / 599.7mb)[0G
Downloading MongoDB "7.0.24": 22.4% (134.6mb / 599.7mb)[0G
Downloading MongoDB "7.0.24": 22.6% (135.3mb / 599.7mb)[0G
Downloading MongoDB "7.0.24": 22.7% (136.2mb / 599.7mb)[0G
Downloading MongoDB "7.0.24": 22.9% (137.1mb / 599.7mb)[0G
Downloading MongoDB "7.0.24": 23% (137.9mb / 599.7mb)[0G
Downloading MongoDB "7.0.24": 23.1% (138.7mb / 599.7mb)[0G
Downloading MongoDB "7.0.24": 23.3% (139.7mb / 599.7mb)[0G
Downloading MongoDB "7.0.24": 23.4% (140.4mb / 599.7mb)[0G
Downloading MongoDB "7.0.24": 23.6% (141.4mb / 599.7mb)[0G
Downloading MongoDB "7.0.24": 23.8% (142.9mb / 599.7mb)[0G
Downloading MongoDB "7.0.24": 24.1% (144.5mb / 599.7mb)[0G
Downloading MongoDB "7.0.24": 24.4% (146mb / 599.7mb)[0G
Downloading MongoDB "7.0.24": 24.5% (146.7mb / 599.7mb)[0G
Downloading MongoDB "7.0.24": 24.6% (147.4mb / 599.7mb)[0G
Downloading MongoDB "7.0.24": 24.7% (147.9mb / 599.7mb)[0G
Downloading MongoDB "7.0.24": 24.8% (148.6mb / 599.7mb)[0G
Downloading MongoDB "7.0.24": 24.9% (149.4mb / 599.7mb)[0G
Downloading MongoDB "7.0.24": 25.1% (150.3mb / 599.7mb)[0G
Downloading MongoDB "7.0.24": 25.2% (151.1mb / 599.7mb)[0G
Downloading MongoDB "7.0.24": 25.3% (151.9mb / 599.7mb)[0G
Downloading MongoDB "7.0.24": 25.5% (153mb / 599.7mb)[0G
Downloading MongoDB "7.0.24": 25.7% (154.3mb / 599.7mb)[0G
Downloading MongoDB "7.0.24": 25.9% (155.6mb / 599.7mb)[0G
Downloading MongoDB "7.0.24": 26.1% (156.8mb / 599.7mb)[0G
Downloading MongoDB "7.0.24": 26.3% (157.9mb / 599.7mb)[0G
Downloading MongoDB "7.0.24": 26.6% (159.2mb / 599.7mb)[0G
Downloading MongoDB "7.0.24": 26.8% (160.9mb / 599.7mb)[0G
Downloading MongoDB "7.0.24": 27% (162mb / 599.7mb)[0G
Downloading MongoDB "7.0.24": 27.3% (163.8mb / 599.7mb)[0G
Downloading MongoDB "7.0.24": 27.7% (165.9mb / 599.7mb)[0G
Downloading MongoDB "7.0.24": 27.9% (167.3mb / 599.7mb)[0G
Downloading MongoDB "7.0.24": 28.2% (168.9mb / 599.7mb)[0G
Downloading MongoDB "7.0.24": 28.4% (170.5mb / 599.7mb)[0G
Downloading MongoDB "7.0.24": 28.7% (172mb / 599.7mb)[0G
Downloading MongoDB "7.0.24": 29% (174mb / 599.7mb)[0G
Downloading MongoDB "7.0.24": 29.4% (176.3mb / 599.7mb)[0G
Downloading MongoDB "7.0.24": 29.5% (177.2mb / 599.7mb)[0G
Downloading MongoDB "7.0.24": 29.7% (178mb / 599.7mb)[0G
Downloading MongoDB "7.0.24": 29.8% (178.9mb / 599.7mb)[0G
Downloading MongoDB "7.0.24": 30% (180mb / 599.7mb)[0G
Downloading MongoDB "7.0.24": 30.2% (180.9mb / 599.7mb)[0G
Downloading MongoDB "7.0.24": 30.3% (181.7mb / 599.7mb)[0G
Downloading MongoDB "7.0.24": 30.4% (182.5mb / 599.7mb)[0G
Downloading MongoDB "7.0.24": 30.6% (183.4mb / 599.7mb)[0G
Downloading MongoDB "7.0.24": 30.7% (184.2mb / 599.7mb)[0G
Downloading MongoDB "7.0.24": 30.9% (185.2mb / 599.7mb)[0G
Downloading MongoDB "7.0.24": 31% (185.7mb / 599.7mb)[0G
Downloading MongoDB "7.0.24": 31.1% (186.2mb / 599.7mb)[0G
Downloading MongoDB "7.0.24": 31.1% (186.8mb / 599.7mb)[0G
Downloading MongoDB "7.0.24": 31.3% (187.6mb / 599.7mb)[0G
Downloading MongoDB "7.0.24": 31.4% (188.3mb / 599.7mb)[0G
Downloading MongoDB "7.0.24": 31.5% (188.9mb / 599.7mb)[0G
Downloading MongoDB "7.0.24": 31.5% (189.2mb / 599.7mb)[0G
Downloading MongoDB "7.0.24": 31.6% (189.3mb / 599.7mb)[0G
Downloading MongoDB "7.0.24": 31.6% (189.5mb / 599.7mb)[0G
Downloading MongoDB "7.0.24": 31.6% (189.7mb / 599.7mb)[0G
Downloading MongoDB "7.0.24": 31.7% (190mb / 599.7mb)[0G
Downloading MongoDB "7.0.24": 31.7% (190.3mb / 599.7mb)[0G
Downloading MongoDB "7.0.24": 31.8% (190.6mb / 599.7mb)[0G
Downloading MongoDB "7.0.24": 31.9% (191.1mb / 599.7mb)[0G
Downloading MongoDB "7.0.24": 32% (191.9mb / 599.7mb)[0G
Downloading MongoDB "7.0.24": 32.1% (192.6mb / 599.7mb)[0G
Downloading MongoDB "7.0.24": 32.2% (193mb / 599.7mb)[0G
Downloading MongoDB "7.0.24": 32.3% (193.5mb / 599.7mb)[0G
Downloading MongoDB "7.0.24": 32.3% (193.9mb / 599.7mb)[0G
Downloading MongoDB "7.0.24": 32.4% (194.4mb / 599.7mb)[0G
Downloading MongoDB "7.0.24": 32.5% (194.8mb / 599.7mb)[0G
Downloading MongoDB "7.0.24": 32.6% (195.5mb / 599.7mb)[0G
Downloading MongoDB "7.0.24": 32.7% (196mb / 599.7mb)[0G
Downloading MongoDB "7.0.24": 32.7% (196.4mb / 599.7mb)[0G
Downloading MongoDB "7.0.24": 32.8% (196.8mb / 599.7mb)[0G
Downloading MongoDB "7.0.24": 32.9% (197.1mb / 599.7mb)[0G
Downloading MongoDB "7.0.24": 32.9% (197.3mb / 599.7mb)[0G
Downloading MongoDB "7.0.24": 32.9% (197.6mb / 599.7mb)[0G
Downloading MongoDB "7.0.24": 33% (197.7mb / 599.7mb)[0G
Downloading MongoDB "7.0.24": 33% (198.1mb / 599.7mb)[0G
Downloading MongoDB "7.0.24": 33.1% (198.4mb / 599.7mb)[0G
Downloading MongoDB "7.0.24": 33.2% (198.8mb / 599.7mb)[0G
Downloading MongoDB "7.0.24": 33.2% (199.3mb / 599.7mb)[0G
Downloading MongoDB "7.0.24": 33.3% (199.6mb / 599.7mb)[0G
Downloading MongoDB "7.0.24": 33.3% (199.8mb / 599.7mb)[0G
Downloading MongoDB "7.0.24": 33.4% (200.2mb / 599.7mb)[0G
Downloading MongoDB "7.0.24": 33.4% (200.5mb / 599.7mb)[0G
Downloading MongoDB "7.0.24": 33.5% (200.7mb / 599.7mb)[0G
Downloading MongoDB "7.0.24": 33.5% (201mb / 599.7mb)[0G
Downloading MongoDB "7.0.24": 33.6% (201.5mb / 599.7mb)[0G
Downloading MongoDB "7.0.24": 33.7% (202mb / 599.7mb)[0G
Downloading MongoDB "7.0.24": 33.8% (202.5mb / 599.7mb)[0G
Downloading MongoDB "7.0.24": 33.8% (202.8mb / 599.7mb)[0G
Downloading MongoDB "7.0.24": 33.9% (203mb / 599.7mb)[0G
Downloading MongoDB "7.0.24": 33.9% (203.4mb / 599.7mb)[0G
Downloading MongoDB "7.0.24": 34% (203.7mb / 599.7mb)[0G
Downloading MongoDB "7.0.24": 34% (204mb / 599.7mb)[0G
Downloading MongoDB "7.0.24": 34.1% (204.4mb / 599.7mb)[0G
Downloading MongoDB "7.0.24": 34.2% (204.9mb / 599.7mb)[0G
Downloading MongoDB "7.0.24": 34.2% (205.3mb / 599.7mb)[0G
Downloading MongoDB "7.0.24": 34.3% (205.5mb / 599.7mb)[0G
Downloading MongoDB "7.0.24": 34.3% (205.9mb / 599.7mb)[0G
Downloading MongoDB "7.0.24": 34.4% (206.4mb / 599.7mb)[0G
Downloading MongoDB "7.0.24": 34.5% (207mb / 599.7mb)[0G
Downloading MongoDB "7.0.24": 34.6% (207.5mb / 599.7mb)[0G
Downloading MongoDB "7.0.24": 34.7% (207.8mb / 599.7mb)[0G
Downloading MongoDB "7.0.24": 34.7% (208.2mb / 599.7mb)[0G
Downloading MongoDB "7.0.24": 34.8% (208.6mb / 599.7mb)[0G
Downloading MongoDB "7.0.24": 34.9% (209mb / 599.7mb)[0G
Downloading MongoDB "7.0.24": 34.9% (209.4mb / 599.7mb)[0G
Downloading MongoDB "7.0.24": 35% (209.9mb / 599.7mb)[0G
Downloading MongoDB "7.0.24": 35.1% (210.3mb / 599.7mb)[0G
Downloading MongoDB "7.0.24": 35.1% (210.8mb / 599.7mb)[0G
Downloading MongoDB "7.0.24": 35.2% (211.3mb / 599.7mb)[0G
Downloading MongoDB "7.0.24": 35.3% (211.9mb / 599.7mb)[0G
Downloading MongoDB "7.0.24": 35.5% (212.9mb / 599.7mb)[0G
Downloading MongoDB "7.0.24": 35.6% (213.6mb / 599.7mb)[0G
Downloading MongoDB "7.0.24": 35.9% (215.1mb / 599.7mb)[0G
Downloading MongoDB "7.0.24": 36.2% (217mb / 599.7mb)[0G
Downloading MongoDB "7.0.24": 36.5% (218.8mb / 599.7mb)[0G
Downloading MongoDB "7.0.24": 36.8% (220.5mb / 599.7mb)[0G
Downloading MongoDB "7.0.24": 37.1% (222.3mb / 599.7mb)[0G
Downloading MongoDB "7.0.24": 37.3% (223.7mb / 599.7mb)[0G
Downloading MongoDB "7.0.24": 37.6% (225.2mb / 599.7mb)[0G
Downloading MongoDB "7.0.24": 37.8% (226.5mb / 599.7mb)[0G
Downloading MongoDB "7.0.24": 37.9% (227.2mb / 599.7mb)[0G
Downloading MongoDB "7.0.24": 38.1% (228.6mb / 599.7mb)[0G
Downloading MongoDB "7.0.24": 38.4% (230.1mb / 599.7mb)[0G
Downloading MongoDB "7.0.24": 38.7% (231.9mb / 599.7mb)[0G
Downloading MongoDB "7.0.24": 38.9% (233.4mb / 599.7mb)[0G
Downloading MongoDB "7.0.24": 39.3% (235.5mb / 599.7mb)[0G
Downloading MongoDB "7.0.24": 39.6% (237.7mb / 599.7mb)[0G
Downloading MongoDB "7.0.24": 39.9% (239.5mb / 599.7mb)[0G
Downloading MongoDB "7.0.24": 40.1% (240.2mb / 599.7mb)[0G
Downloading MongoDB "7.0.24": 40.2% (241.3mb / 599.7mb)[0G
Downloading MongoDB "7.0.24": 40.5% (242.7mb / 599.7mb)[0G
Downloading MongoDB "7.0.24": 40.7% (244mb / 599.7mb)[0G
Downloading MongoDB "7.0.24": 40.9% (245.5mb / 599.7mb)[0G
Downloading MongoDB "7.0.24": 41.1% (246.7mb / 599.7mb)[0G
Downloading MongoDB "7.0.24": 41.4% (248.1mb / 599.7mb)[0G
Downloading MongoDB "7.0.24": 41.6% (249.4mb / 599.7mb)[0G
Downloading MongoDB "7.0.24": 41.9% (251mb / 599.7mb)[0G
Downloading MongoDB "7.0.24": 42.1% (252.8mb / 599.7mb)[0G
Downloading MongoDB "7.0.24": 42.4% (254.3mb / 599.7mb)[0G
Downloading MongoDB "7.0.24": 42.7% (255.9mb / 599.7mb)[0G
Downloading MongoDB "7.0.24": 42.9% (257.5mb / 599.7mb)[0G
Downloading MongoDB "7.0.24": 43.1% (258.5mb / 599.7mb)[0G
Downloading MongoDB "7.0.24": 43.4% (260.1mb / 599.7mb)[0G
Downloading MongoDB "7.0.24": 43.6% (261.6mb / 599.7mb)[0G
Downloading MongoDB "7.0.24": 43.8% (262.8mb / 599.7mb)[0G
Downloading MongoDB "7.0.24": 44.1% (264.4mb / 599.7mb)[0G
Downloading MongoDB "7.0.24": 44.4% (266.4mb / 599.7mb)[0G
Downloading MongoDB "7.0.24": 44.7% (267.8mb / 599.7mb)[0G
Downloading MongoDB "7.0.24": 44.9% (269.5mb / 599.7mb)[0G
Downloading MongoDB "7.0.24": 45.1% (270.5mb / 599.7mb)[0G
Downloading MongoDB "7.0.24": 45.3% (271.8mb / 599.7mb)[0G
Downloading MongoDB "7.0.24": 45.5% (273mb / 599.7mb)[0G
Downloading MongoDB "7.0.24": 45.7% (274.1mb / 599.7mb)[0G
Downloading MongoDB "7.0.24": 46% (276mb / 599.7mb)[0G
Downloading MongoDB "7.0.24": 46.3% (277.9mb / 599.7mb)[0G
Downloading MongoDB "7.0.24": 46.7% (280mb / 599.7mb)[0G
Downloading MongoDB "7.0.24": 47% (281.8mb / 599.7mb)[0G
Downloading MongoDB "7.0.24": 47.3% (283.8mb / 599.7mb)[0G
Downloading MongoDB "7.0.24": 47.5% (285.1mb / 599.7mb)[0G
Downloading MongoDB "7.0.24": 47.9% (287.1mb / 599.7mb)[0G
Downloading MongoDB "7.0.24": 48.2% (289.1mb / 599.7mb)[0G
Downloading MongoDB "7.0.24": 48.6% (291.6mb / 599.7mb)[0G
Downloading MongoDB "7.0.24": 49% (293.8mb / 599.7mb)[0G
Downloading MongoDB "7.0.24": 49.3% (295.8mb / 599.7mb)[0G
Downloading MongoDB "7.0.24": 49.7% (298.2mb / 599.7mb)[0G
Downloading MongoDB "7.0.24": 50% (300mb / 599.7mb)[0G
Downloading MongoDB "7.0.24": 50.4% (302.1mb / 599.7mb)[0G
Downloading MongoDB "7.0.24": 50.8% (304.5mb / 599.7mb)[0G
Downloading MongoDB "7.0.24": 51.2% (306.9mb / 599.7mb)[0G
Downloading MongoDB "7.0.24": 51.5% (309mb / 599.7mb)[0G
Downloading MongoDB "7.0.24": 51.8% (310.9mb / 599.7mb)[0G
Downloading MongoDB "7.0.24": 52.2% (312.9mb / 599.7mb)[0G
Downloading MongoDB "7.0.24": 52.5% (314.9mb / 599.7mb)[0G
Downloading MongoDB "7.0.24": 52.8% (316.7mb / 599.7mb)[0G
Downloading MongoDB "7.0.24": 53.2% (318.9mb / 599.7mb)[0G
Downloading MongoDB "7.0.24": 53.6% (321.7mb / 599.7mb)[0G
Downloading MongoDB "7.0.24": 54.1% (324.4mb / 599.7mb)[0G
Downloading MongoDB "7.0.24": 54.4% (326.2mb / 599.7mb)[0G
Downloading MongoDB "7.0.24": 54.8% (328.4mb / 599.7mb)[0G
Downloading MongoDB "7.0.24": 55% (330mb / 599.7mb)[0G
Downloading MongoDB "7.0.24": 55.4% (332.3mb / 599.7mb)[0G
Downloading MongoDB "7.0.24": 55.7% (334mb / 599.7mb)[0G
Downloading MongoDB "7.0.24": 56.1% (336.4mb / 599.7mb)[0G
Downloading MongoDB "7.0.24": 56.4% (338.3mb / 599.7mb)[0G
Downloading MongoDB "7.0.24": 56.8% (340.6mb / 599.7mb)[0G
Downloading MongoDB "7.0.24": 57.1% (342.3mb / 599.7mb)[0G
Downloading MongoDB "7.0.24": 57.5% (344.6mb / 599.7mb)[0G
Downloading MongoDB "7.0.24": 57.8% (346.5mb / 599.7mb)[0G
Downloading MongoDB "7.0.24": 58.2% (349.1mb / 599.7mb)[0G
Downloading MongoDB "7.0.24": 58.6% (351.3mb / 599.7mb)[0G
Downloading MongoDB "7.0.24": 59% (354mb / 599.7mb)[0G
Downloading MongoDB "7.0.24": 59.4% (356.1mb / 599.7mb)[0G
Downloading MongoDB "7.0.24": 59.7% (357.9mb / 599.7mb)[0G
Downloading MongoDB "7.0.24": 60% (359.7mb / 599.7mb)[0G
Downloading MongoDB "7.0.24": 60.4% (362.1mb / 599.7mb)[0G
Downloading MongoDB "7.0.24": 60.7% (363.9mb / 599.7mb)[0G
Downloading MongoDB "7.0.24": 61% (366.1mb / 599.7mb)[0G
Downloading MongoDB "7.0.24": 61.4% (368.3mb / 599.7mb)[0G
Downloading MongoDB "7.0.24": 61.7% (370.1mb / 599.7mb)[0G
Downloading MongoDB "7.0.24": 62.1% (372.5mb / 599.7mb)[0G
Downloading MongoDB "7.0.24": 62.4% (374.1mb / 599.7mb)[0G
Downloading MongoDB "7.0.24": 62.6% (375.6mb / 599.7mb)[0G
Downloading MongoDB "7.0.24": 62.9% (376.9mb / 599.7mb)[0G
Downloading MongoDB "7.0.24": 63.2% (378.9mb / 599.7mb)[0G
Downloading MongoDB "7.0.24": 63.5% (380.5mb / 599.7mb)[0G
Downloading MongoDB "7.0.24": 63.7% (382.2mb / 599.7mb)[0G
Downloading MongoDB "7.0.24": 64% (384mb / 599.7mb)[0G
Downloading MongoDB "7.0.24": 64.3% (385.8mb / 599.7mb)[0G
Downloading MongoDB "7.0.24": 64.5% (387mb / 599.7mb)[0G
Downloading MongoDB "7.0.24": 64.8% (388.6mb / 599.7mb)[0G
Downloading MongoDB "7.0.24": 65% (389.9mb / 599.7mb)[0G
Downloading MongoDB "7.0.24": 65.2% (390.9mb / 599.7mb)[0G
Downloading MongoDB "7.0.24": 65.4% (392.3mb / 599.7mb)[0G
Downloading MongoDB "7.0.24": 65.6% (393.4mb / 599.7mb)[0G
Downloading MongoDB "7.0.24": 65.8% (394.8mb / 599.7mb)[0G
Downloading MongoDB "7.0.24": 66.1% (396.2mb / 599.7mb)[0G
Downloading MongoDB "7.0.24": 66.3% (397.4mb / 599.7mb)[0G
Downloading MongoDB "7.0.24": 66.5% (398.6mb / 599.7mb)[0G
Downloading MongoDB "7.0.24": 66.7% (399.9mb / 599.7mb)[0G
Downloading MongoDB "7.0.24": 66.9% (401.3mb / 599.7mb)[0G
Downloading MongoDB "7.0.24": 67.2% (402.8mb / 599.7mb)[0G
Downloading MongoDB "7.0.24": 67.4% (404.2mb / 599.7mb)[0G
Downloading MongoDB "7.0.24": 67.7% (405.8mb / 599.7mb)[0G
Downloading MongoDB "7.0.24": 67.9% (407.1mb / 599.7mb)[0G
Downloading MongoDB "7.0.24": 68.1% (408.5mb / 599.7mb)[0G
Downloading MongoDB "7.0.24": 68.4% (410mb / 599.7mb)[0G
Downloading MongoDB "7.0.24": 68.7% (411.9mb / 599.7mb)[0G
Downloading MongoDB "7.0.24": 68.9% (413.4mb / 599.7mb)[0G
Downloading MongoDB "7.0.24": 69.2% (415.2mb / 599.7mb)[0G
Downloading MongoDB "7.0.24": 69.4% (416.4mb / 599.7mb)[0G
Downloading MongoDB "7.0.24": 69.6% (417.5mb / 599.7mb)[0G
Downloading MongoDB "7.0.24": 69.8% (418.6mb / 599.7mb)[0G
Downloading MongoDB "7.0.24": 70% (419.8mb / 599.7mb)[0G
Downloading MongoDB "7.0.24": 70.1% (420.2mb / 599.7mb)[0G
Downloading MongoDB "7.0.24": 70.1% (420.4mb / 599.7mb)[0G
Downloading MongoDB "7.0.24": 70.2% (421mb / 599.7mb)[0G
Downloading MongoDB "7.0.24": 70.4% (422.2mb / 599.7mb)[0G
Downloading MongoDB "7.0.24": 70.5% (423.1mb / 599.7mb)[0G
Downloading MongoDB "7.0.24": 70.7% (423.8mb / 599.7mb)[0G
Downloading MongoDB "7.0.24": 70.8% (424.7mb / 599.7mb)[0G
Downloading MongoDB "7.0.24": 70.9% (425.5mb / 599.7mb)[0G
Downloading MongoDB "7.0.24": 71.1% (426.2mb / 599.7mb)[0G
Downloading MongoDB "7.0.24": 71.2% (427mb / 599.7mb)[0G
Downloading MongoDB "7.0.24": 71.3% (427.7mb / 599.7mb)[0G
Downloading MongoDB "7.0.24": 71.4% (428.2mb / 599.7mb)[0G
Downloading MongoDB "7.0.24": 71.6% (429.1mb / 599.7mb)[0G
Downloading MongoDB "7.0.24": 71.7% (429.9mb / 599.7mb)[0G
Downloading MongoDB "7.0.24": 71.8% (430.8mb / 599.7mb)[0G
Downloading MongoDB "7.0.24": 72% (431.5mb / 599.7mb)[0G
Downloading MongoDB "7.0.24": 72.1% (432.1mb / 599.7mb)[0G
Downloading MongoDB "7.0.24": 72.2% (433mb / 599.7mb)[0G
Downloading MongoDB "7.0.24": 72.4% (434.2mb / 599.7mb)[0G
Downloading MongoDB "7.0.24": 72.5% (435mb / 599.7mb)[0G
Downloading MongoDB "7.0.24": 72.6% (435.6mb / 599.7mb)[0G
Downloading MongoDB "7.0.24": 72.7% (436.1mb / 599.7mb)[0G
Downloading MongoDB "7.0.24": 72.8% (436.7mb / 599.7mb)[0G
Downloading MongoDB "7.0.24": 72.9% (437.2mb / 599.7mb)[0G
Downloading MongoDB "7.0.24": 73% (437.9mb / 599.7mb)[0G
Downloading MongoDB "7.0.24": 73.1% (438.1mb / 599.7mb)[0G
Downloading MongoDB "7.0.24": 73.1% (438.6mb / 599.7mb)[0G
Downloading MongoDB "7.0.24": 73.2% (439.1mb / 599.7mb)[0G
Downloading MongoDB "7.0.24": 73.3% (439.8mb / 599.7mb)[0G
Downloading MongoDB "7.0.24": 73.5% (440.7mb / 599.7mb)[0G
Downloading MongoDB "7.0.24": 73.7% (441.9mb / 599.7mb)[0G
Downloading MongoDB "7.0.24": 73.9% (443.1mb / 599.7mb)[0G
Downloading MongoDB "7.0.24": 74.1% (444.4mb / 599.7mb)[0G
Downloading MongoDB "7.0.24": 74.3% (445.8mb / 599.7mb)[0G
Downloading MongoDB "7.0.24": 74.6% (447.1mb / 599.7mb)[0G
Downloading MongoDB "7.0.24": 74.7% (448.2mb / 599.7mb)[0G
Downloading MongoDB "7.0.24": 74.8% (448.6mb / 599.7mb)[0G
Downloading MongoDB "7.0.24": 74.9% (449mb / 599.7mb)[0G
Downloading MongoDB "7.0.24": 74.9% (449.4mb / 599.7mb)[0G
Downloading MongoDB "7.0.24": 75% (450mb / 599.7mb)[0G
Downloading MongoDB "7.0.24": 75.1% (450.5mb / 599.7mb)[0G
Downloading MongoDB "7.0.24": 75.2% (450.8mb / 599.7mb)[0G
Downloading MongoDB "7.0.24": 75.3% (451.3mb / 599.7mb)[0G
Downloading MongoDB "7.0.24": 75.4% (452.3mb / 599.7mb)[0G
Downloading MongoDB "7.0.24": 75.7% (453.8mb / 599.7mb)[0G
Downloading MongoDB "7.0.24": 76% (455.8mb / 599.7mb)[0G
Downloading MongoDB "7.0.24": 76.5% (458.6mb / 599.7mb)[0G
Downloading MongoDB "7.0.24": 77% (461.7mb / 599.7mb)[0G
Downloading MongoDB "7.0.24": 77.5% (465mb / 599.7mb)[0G
Downloading MongoDB "7.0.24": 78% (467.7mb / 599.7mb)[0G
Downloading MongoDB "7.0.24": 78.4% (470.3mb / 599.7mb)[0G
Downloading MongoDB "7.0.24": 78.8% (472.5mb / 599.7mb)[0G
Downloading MongoDB "7.0.24": 79.3% (475.5mb / 599.7mb)[0G
Downloading MongoDB "7.0.24": 80% (479.6mb / 599.7mb)[0G
Downloading MongoDB "7.0.24": 80.6% (483.6mb / 599.7mb)[0G
Downloading MongoDB "7.0.24": 81.2% (486.9mb / 599.7mb)[0G
Downloading MongoDB "7.0.24": 81.6% (489.1mb / 599.7mb)[0G
Downloading MongoDB "7.0.24": 81.9% (491mb / 599.7mb)[0G
Downloading MongoDB "7.0.24": 82.2% (492.6mb / 599.7mb)[0G
Downloading MongoDB "7.0.24": 82.4% (494.4mb / 599.7mb)[0G
Downloading MongoDB "7.0.24": 82.8% (496.4mb / 599.7mb)[0G
Downloading MongoDB "7.0.24": 83% (497.6mb / 599.7mb)[0G
Downloading MongoDB "7.0.24": 83.3% (499.5mb / 599.7mb)[0G
Downloading MongoDB "7.0.24": 83.7% (501.9mb / 599.7mb)[0G
Downloading MongoDB "7.0.24": 84.3% (505.3mb / 599.7mb)[0G
Downloading MongoDB "7.0.24": 84.8% (508.5mb / 599.7mb)[0G
Downloading MongoDB "7.0.24": 85.4% (512mb / 599.7mb)[0G
Downloading MongoDB "7.0.24": 86% (515.8mb / 599.7mb)[0G
Downloading MongoDB "7.0.24": 86.7% (519.8mb / 599.7mb)[0G
Downloading MongoDB "7.0.24": 87.4% (523.8mb / 599.7mb)[0G
Downloading MongoDB "7.0.24": 88.1% (528.1mb / 599.7mb)[0G
Downloading MongoDB "7.0.24": 89% (533.7mb / 599.7mb)[0G
Downloading MongoDB "7.0.24": 90% (539.9mb / 599.7mb)[0G
Downloading MongoDB "7.0.24": 90.9% (544.9mb / 599.7mb)[0G
Downloading MongoDB "7.0.24": 91.4% (548.3mb / 599.7mb)[0G
Downloading MongoDB "7.0.24": 92% (551.6mb / 599.7mb)[0G
Downloading MongoDB "7.0.24": 92.2% (553.1mb / 599.7mb)[0G
Downloading MongoDB "7.0.24": 92.4% (554mb / 599.7mb)[0G
Downloading MongoDB "7.0.24": 92.6% (555.5mb / 599.7mb)[0G
Downloading MongoDB "7.0.24": 92.9% (556.9mb / 599.7mb)[0G
Downloading MongoDB "7.0.24": 93.1% (558.4mb / 599.7mb)[0G
Downloading MongoDB "7.0.24": 93.4% (560.1mb / 599.7mb)[0G
Downloading MongoDB "7.0.24": 93.9% (563.3mb / 599.7mb)[0G
Downloading MongoDB "7.0.24": 94.3% (565.8mb / 599.7mb)[0G
Downloading MongoDB "7.0.24": 94.7% (567.8mb / 599.7mb)[0G
Downloading MongoDB "7.0.24": 95.1% (570.1mb / 599.7mb)[0G
Downloading MongoDB "7.0.24": 95.3% (571.5mb / 599.7mb)[0G
Downloading MongoDB "7.0.24": 95.5% (572.8mb / 599.7mb)[0G
Downloading MongoDB "7.0.24": 95.8% (574.5mb / 599.7mb)[0G
Downloading MongoDB "7.0.24": 96.1% (576.3mb / 599.7mb)[0G
Downloading MongoDB "7.0.24": 96.4% (578mb / 599.7mb)[0G
Downloading MongoDB "7.0.24": 96.7% (579.9mb / 599.7mb)[0G
Downloading MongoDB "7.0.24": 97% (581.8mb / 599.7mb)[0G
Downloading MongoDB "7.0.24": 97.5% (584.4mb / 599.7mb)[0G
Downloading MongoDB "7.0.24": 97.7% (586.1mb / 599.7mb)[0G
Downloading MongoDB "7.0.24": 98% (587.6mb / 599.7mb)[0G
Downloading MongoDB "7.0.24": 98.3% (589.2mb / 599.7mb)[0G
Downloading MongoDB "7.0.24": 98.6% (591mb / 599.7mb)[0G
Downloading MongoDB "7.0.24": 99% (593.5mb / 599.7mb)[0G
Downloading MongoDB "7.0.24": 99.4% (596.3mb / 599.7mb)[0G
Downloading MongoDB "7.0.24": 99.9% (599.2mb / 599.7mb)[0G
Downloading MongoDB "7.0.24": 100% (599.7mb / 599.7mb)[0G
Downloading MongoDB "7.0.24": 100% (0mb / 0mb)[0G
MongoDB connected
Seeded Super Admin: superadmin@example.com
