
> enterprise-admin-backend@1.0.0 dev:memory
> node src/dev/startMemoryServer.js

MongoDB connected
Seeded Super Admin: superadmin@example.com
API running on port 5001
In-memory MongoDB running at mongodb://127.0.0.1:54871/
[0mPOST /api/v1/auth/login [32m200[0m 484.865 ms - 886[0m
[0mGET /health [32m200[0m 0.541 ms - 30[0m
[0mPOST /api/v1/auth/login [32m200[0m 421.249 ms - 886[0m
[0mGET /api/v1/dashboard/summary [32m200[0m 49.827 ms - 333[0m
[0mGET /api/v1/dashboard/summary [36m304[0m 15.568 ms - -[0m
[0mGET /api/v1/users?search=&role=&status=&page=1 [33m422[0m 5.913 ms - 690[0m
[0mGET /api/v1/users?search=&role=&status=&page=1 [33m422[0m 4.156 ms - 690[0m
[0mGET /api/v1/users?search=&role=&status=&page=1 [33m422[0m 10.006 ms - 690[0m
[0mGET /api/v1/users?search=&role=&status=&page=1 [33m422[0m 6.788 ms - 690[0m
[0mGET /api/v1/settings [32m200[0m 19.192 ms - 589[0m
[0mGET /api/v1/settings [32m200[0m 4.907 ms - 589[0m
[0mGET /api/v1/dashboard/summary [36m304[0m 18.867 ms - -[0m
[0mGET /api/v1/dashboard/summary [36m304[0m 10.539 ms - -[0m
[0mGET /api/v1/users?search=&role=&status=&page=1 [33m422[0m 6.565 ms - 690[0m
[0mGET /api/v1/users?search=&role=&status=&page=1 [33m422[0m 4.829 ms - 690[0m
[0mGET /api/v1/users?search=&role=&status=&page=1 [33m422[0m 6.052 ms - 690[0m
[0mGET /api/v1/users?search=&role=&status=&page=1 [33m422[0m 4.645 ms - 690[0m
[0mGET /api/v1/dashboard/summary [36m304[0m 9.795 ms - -[0m
[0mGET /api/v1/dashboard/summary [36m304[0m 12.228 ms - -[0m
[0mGET /api/v1/users?search=&role=&status=&page=1 [33m422[0m 4.707 ms - 690[0m
[0mGET /api/v1/users?search=&role=&status=&page=1 [33m422[0m 4.700 ms - 690[0m
[0mGET /api/v1/users?search=&role=Manager&status=&page=1 [33m401[0m 1.383 ms - 1117[0m
[0mPOST /api/v1/auth/refresh [33m401[0m 1.381 ms - 1072[0m
[0mPOST /api/v1/auth/login [32m200[0m 417.226 ms - 886[0m
[0mGET /api/v1/dashboard/summary [36m304[0m 9.043 ms - -[0m
[0mGET /api/v1/dashboard/summary [36m304[0m 8.824 ms - -[0m
[0mGET /api/v1/dashboard/summary [33m401[0m 2.462 ms - 1113[0m
[0mGET /api/v1/dashboard/summary [33m401[0m 1.136 ms - 1113[0m
[0mPOST /api/v1/auth/refresh [33m401[0m 1.351 ms - 1072[0m
[0mPOST /api/v1/auth/refresh [33m401[0m 0.612 ms - 1072[0m
[0mPOST /api/v1/auth/login [32m200[0m 419.411 ms - 886[0m
[0mGET /api/v1/dashboard/summary [36m304[0m 13.148 ms - -[0m
[0mGET /api/v1/dashboard/summary [36m304[0m 9.929 ms - -[0m
[0mGET /api/v1/dashboard/summary [33m401[0m 0.920 ms - 1113[0m
[0mGET /api/v1/dashboard/summary [33m401[0m 2.619 ms - 1113[0m
[0mPOST /api/v1/auth/refresh [33m401[0m 0.512 ms - 1072[0m
[0mPOST /api/v1/auth/refresh [33m401[0m 0.841 ms - 1072[0m
[0mPOST /api/v1/auth/login [32m200[0m 461.499 ms - 886[0m
[0mGET /api/v1/dashboard/summary [36m304[0m 15.706 ms - -[0m
[0mGET /api/v1/dashboard/summary [36m304[0m 14.166 ms - -[0m
[0mGET /api/v1/users?search=&role=&status=&page=1 [33m422[0m 9.418 ms - 690[0m
[0mGET /api/v1/users?search=&role=&status=&page=1 [33m422[0m 2.851 ms - 690[0m
[0mGET /api/v1/users?search=&role=&status=&page=1 [33m422[0m 22.831 ms - 690[0m
[0mGET /api/v1/users?search=&role=&status=&page=1 [33m422[0m 4.726 ms - 690[0m
[0mGET /api/v1/dashboard/summary [36m304[0m 8.896 ms - -[0m
[0mGET /api/v1/dashboard/summary [36m304[0m 9.738 ms - -[0m
[0mGET /api/v1/users?search=&role=&status=&page=1 [33m422[0m 6.227 ms - 690[0m
[0mGET /api/v1/users?search=&role=&status=&page=1 [33m422[0m 4.142 ms - 690[0m
[0mGET /api/v1/users?search=&role=&status=active&page=1 [33m422[0m 3.421 ms - 645[0m
[0mGET /api/v1/users?search=&role=Admin&status=active&page=1 [32m200[0m 10.400 ms - 76[0m
[0mGET /api/v1/roles [32m200[0m 8.190 ms - 457[0m
[0mGET /api/v1/roles/permissions [32m200[0m 10.918 ms - 162[0m
[0mGET /api/v1/roles [36m304[0m 6.754 ms - -[0m
[0mGET /api/v1/roles/permissions [36m304[0m 7.487 ms - -[0m
[0mGET /api/v1/dashboard/summary [36m304[0m 7.537 ms - -[0m
[0mGET /api/v1/dashboard/summary [36m304[0m 9.027 ms - -[0m
[0mGET /api/v1/dashboard/summary [36m304[0m 17.762 ms - -[0m
[0mGET /api/v1/dashboard/summary [36m304[0m 13.567 ms - -[0m
[0mGET /api/v1/dashboard/summary [36m304[0m 19.615 ms - -[0m
[0mGET /api/v1/dashboard/summary [36m304[0m 14.189 ms - -[0m
[0mGET /api/v1/roles [36m304[0m 5.673 ms - -[0m
[0mGET /api/v1/roles/permissions [36m304[0m 4.397 ms - -[0m
[0mGET /api/v1/roles [36m304[0m 6.187 ms - -[0m
[0mGET /api/v1/roles/permissions [36m304[0m 6.362 ms - -[0m
[0mGET /api/v1/users?search=&role=&status=&page=1 [33m422[0m 8.184 ms - 690[0m
[0mGET /api/v1/users?search=&role=&status=&page=1 [33m422[0m 3.877 ms - 690[0m
[0mGET /api/v1/roles [36m304[0m 4.982 ms - -[0m
[0mGET /api/v1/roles/permissions [36m304[0m 3.428 ms - -[0m
[0mGET /api/v1/roles [36m304[0m 3.606 ms - -[0m
[0mGET /api/v1/roles/permissions [36m304[0m 5.050 ms - -[0m
[0mGET /api/v1/dashboard/summary [36m304[0m 7.758 ms - -[0m
[0mGET /api/v1/dashboard/summary [36m304[0m 8.745 ms - -[0m
[0mGET /api/v1/roles [36m304[0m 6.628 ms - -[0m
[0mGET /api/v1/roles/permissions [36m304[0m 7.723 ms - -[0m
[0mGET /api/v1/roles [36m304[0m 3.283 ms - -[0m
[0mGET /api/v1/roles/permissions [36m304[0m 3.411 ms - -[0m
[0mGET /api/v1/settings [33m401[0m 2.553 ms - 1117[0m
[0mGET /api/v1/settings [33m401[0m 0.755 ms - 1117[0m
[0mPOST /api/v1/auth/refresh [33m401[0m 0.368 ms - 1072[0m
[0mPOST /api/v1/auth/refresh [33m401[0m 0.464 ms - 1072[0m
[0mPOST /api/v1/auth/login [32m200[0m 420.079 ms - 886[0m
[0mGET /api/v1/dashboard/summary [36m304[0m 10.545 ms - -[0m
[0mGET /api/v1/dashboard/summary [36m304[0m 11.144 ms - -[0m
[0mGET /api/v1/dashboard/summary [33m401[0m 1.480 ms - 1113[0m
[0mGET /api/v1/dashboard/summary [33m401[0m 1.082 ms - 1113[0m
[0mPOST /api/v1/auth/refresh [33m401[0m 0.804 ms - 1072[0m
[0mPOST /api/v1/auth/refresh [33m401[0m 5.079 ms - 1072[0m
[0mPOST /api/v1/auth/login [32m200[0m 411.632 ms - 886[0m
[0mGET /api/v1/dashboard/summary [36m304[0m 16.413 ms - -[0m
[0mGET /api/v1/dashboard/summary [36m304[0m 11.273 ms - -[0m
[0mGET /api/v1/dashboard/summary [36m304[0m 19.899 ms - -[0m
[0mGET /api/v1/dashboard/summary [36m304[0m 10.125 ms - -[0m
[0mGET /api/v1/dashboard/summary [36m304[0m 21.250 ms - -[0m
[0mGET /api/v1/dashboard/summary [36m304[0m 8.663 ms - -[0m
[0mGET /api/v1/users?search=&role=&status=&page=1 [33m422[0m 6.143 ms - 690[0m
[0mGET /api/v1/users?search=&role=&status=&page=1 [33m422[0m 3.640 ms - 690[0m
[0mGET /api/v1/users?search=&role=&status=&page=1 [33m422[0m 5.197 ms - 690[0m
[0mGET /api/v1/users?search=&role=&status=&page=1 [33m422[0m 3.820 ms - 690[0m
[0mGET /api/v1/users?search=&role=&status=&page=1 [33m422[0m 11.194 ms - 690[0m
[0mGET /api/v1/users?search=&role=&status=&page=1 [33m422[0m 9.177 ms - 690[0m
[0mGET /api/v1/users?search=&role=&status=&page=1 [33m422[0m 4.361 ms - 690[0m
[0mGET /api/v1/users?search=&role=&status=&page=1 [33m422[0m 4.768 ms - 690[0m
[0mGET /api/v1/users?search=&role=Super+Admin&status=&page=1 [33m401[0m 0.967 ms - 1117[0m
[0mPOST /api/v1/auth/refresh [33m401[0m 0.379 ms - 1072[0m
[0mPOST /api/v1/auth/login [32m200[0m 431.494 ms - 886[0m
[0mGET /api/v1/dashboard/summary [36m304[0m 10.271 ms - -[0m
[0mGET /api/v1/dashboard/summary [36m304[0m 7.507 ms - -[0m
[0mGET /api/v1/dashboard/summary [36m304[0m 18.240 ms - -[0m
[0mGET /api/v1/dashboard/summary [36m304[0m 46.814 ms - -[0m
[0mGET /api/v1/dashboard/summary [36m304[0m 17.410 ms - -[0m
[0mGET /api/v1/dashboard/summary [36m304[0m 11.168 ms - -[0m
[0mGET /api/v1/users?search=&role=&status=&page=1 [33m422[0m 4.935 ms - 690[0m
[0mGET /api/v1/users?search=&role=&status=&page=1 [33m422[0m 8.888 ms - 690[0m
[0mGET /api/v1/users?search=&role=&status=&page=1 [33m422[0m 4.779 ms - 690[0m
[0mGET /api/v1/users?search=&role=&status=&page=1 [33m422[0m 3.431 ms - 690[0m
[0mGET /api/v1/users?search=&role=&status=inactive&page=1 [33m422[0m 4.235 ms - 645[0m
[0mGET /api/v1/users?search=&role=&status=invited&page=1 [33m422[0m 3.095 ms - 645[0m
[0mGET /api/v1/users?search=&role=&status=&page=1 [33m422[0m 6.080 ms - 690[0m
[0mGET /api/v1/users?search=&role=&status=&page=1 [33m422[0m 5.724 ms - 690[0m
[0mGET /api/v1/users?search=&role=&status=&page=1 [33m422[0m 5.522 ms - 690[0m
[0mGET /api/v1/users?search=&role=&status=&page=1 [33m422[0m 5.206 ms - 690[0m
[0mGET /api/v1/users?search=&role=&status=&page=1 [33m401[0m 33.115 ms - 1117[0m
[0mGET /api/v1/users?search=&role=&status=&page=1 [33m401[0m 3.446 ms - 1117[0m
[0mPOST /api/v1/auth/refresh [33m401[0m 2.651 ms - 1072[0m
[0mPOST /api/v1/auth/refresh [33m401[0m 0.672 ms - 1072[0m
[0mPOST /api/v1/auth/login [32m200[0m 691.003 ms - 886[0m
[0mGET /api/v1/dashboard/summary [36m304[0m 28.542 ms - -[0m
[0mGET /api/v1/dashboard/summary [36m304[0m 8.271 ms - -[0m
[0mGET /api/v1/dashboard/summary [36m304[0m 18.261 ms - -[0m
[0mGET /api/v1/dashboard/summary [36m304[0m 8.341 ms - -[0m
[0mGET /api/v1/dashboard/summary [36m304[0m 14.695 ms - -[0m
[0mGET /api/v1/dashboard/summary [36m304[0m 12.262 ms - -[0m
[0mGET /api/v1/dashboard/summary [36m304[0m 19.877 ms - -[0m
[0mGET /api/v1/dashboard/summary [36m304[0m 12.997 ms - -[0m
[0mGET /api/v1/dashboard/summary [36m304[0m 26.430 ms - -[0m
[0mGET /api/v1/dashboard/summary [36m304[0m 12.749 ms - -[0m
[0mGET /api/v1/dashboard/summary [36m304[0m 16.936 ms - -[0m
[0mGET /api/v1/dashboard/summary [36m304[0m 13.672 ms - -[0m
[0mGET /api/v1/dashboard/summary [36m304[0m 66.853 ms - -[0m
[0mGET /api/v1/dashboard/summary [36m304[0m 9.814 ms - -[0m
[0mGET /api/v1/users?search=&role=&status=&page=1 [33m422[0m 20.088 ms - 690[0m
[0mGET /api/v1/users?search=&role=&status=&page=1 [33m422[0m 10.134 ms - 690[0m
[0mGET /api/v1/users?search=&role=&status=&page=1 [33m422[0m 4.827 ms - 690[0m
[0mGET /api/v1/users?search=&role=&status=&page=1 [33m401[0m 28.227 ms - 1117[0m
[0mGET /api/v1/users?search=&role=&status=&page=1 [33m401[0m 0.814 ms - 1117[0m
[0mPOST /api/v1/auth/refresh [33m401[0m 2.305 ms - 1072[0m
[0mPOST /api/v1/auth/refresh [33m401[0m 0.461 ms - 1072[0m
[0mPOST /api/v1/auth/login [32m200[0m 588.276 ms - 886[0m
[0mGET /api/v1/dashboard/summary [36m304[0m 25.325 ms - -[0m
[0mGET /api/v1/dashboard/summary [36m304[0m 8.242 ms - -[0m
[0mGET /api/v1/users?search=&role=&status=&page=1 [33m422[0m 9.721 ms - 690[0m
[0mGET /api/v1/users?search=&role=&status=&page=1 [33m422[0m 4.195 ms - 690[0m
[0mGET /api/v1/roles/permissions [36m304[0m 8.622 ms - -[0m
[0mGET /api/v1/roles [36m304[0m 7.802 ms - -[0m
[0mGET /api/v1/roles/permissions [36m304[0m 4.781 ms - -[0m
[0mGET /api/v1/roles [36m304[0m 5.534 ms - -[0m
[0mGET /api/v1/settings [36m304[0m 19.693 ms - -[0m
[0mGET /api/v1/settings [36m304[0m 5.640 ms - -[0m
[0mGET /api/v1/dashboard/summary [36m304[0m 14.963 ms - -[0m
[0mGET /api/v1/dashboard/summary [36m304[0m 10.212 ms - -[0m
[0mGET /api/v1/users?search=&role=&status=&page=1 [33m422[0m 4.805 ms - 690[0m
[0mGET /api/v1/users?search=&role=&status=&page=1 [33m422[0m 3.794 ms - 690[0m
[0mGET /api/v1/dashboard/summary [36m304[0m 9.372 ms - -[0m
[0mGET /api/v1/dashboard/summary [36m304[0m 12.398 ms - -[0m
[0mGET /api/v1/dashboard/summary [36m304[0m 17.687 ms - -[0m
[0mGET /api/v1/dashboard/summary [36m304[0m 18.881 ms - -[0m
